<?xml version="1.0" encoding="UTF-8"?>
<testsuite xmlns:xsi="http://www.w3.org/2001/XMLSchema-instance" xsi:noNamespaceSchemaLocation="https://maven.apache.org/surefire/maven-surefire-plugin/xsd/surefire-test-report-3.0.xsd" version="3.0" name="TestSuite" time="66.995" tests="5" errors="0" skipped="0" failures="1">
  <properties>
    <property name="java.specification.version" value="14"/>
    <property name="webdriver.chrome.driver" value="./src/main/resources/Resources/chromedriver.exe"/>
    <property name="sun.cpu.isalist" value="amd64"/>
    <property name="sun.jnu.encoding" value="Cp1252"/>
    <property name="java.class.path" value="E:\Sogeti_Stuttgart\Project_App\sogetiapp1\target\test-classes;E:\Sogeti_Stuttgart\Project_App\sogetiapp1\target\classes;C:\Users\priya\.m2\repository\junit\junit\3.8.1\junit-3.8.1.jar;C:\Users\priya\.m2\repository\org\seleniumhq\selenium\selenium-java\4.0.0-alpha-4\selenium-java-4.0.0-alpha-4.jar;C:\Users\priya\.m2\repository\org\seleniumhq\selenium\selenium-api\4.0.0-alpha-4\selenium-api-4.0.0-alpha-4.jar;C:\Users\priya\.m2\repository\org\seleniumhq\selenium\selenium-chrome-driver\4.0.0-alpha-4\selenium-chrome-driver-4.0.0-alpha-4.jar;C:\Users\priya\.m2\repository\com\google\auto\service\auto-service-annotations\1.0-rc6\auto-service-annotations-1.0-rc6.jar;C:\Users\priya\.m2\repository\com\google\auto\service\auto-service\1.0-rc6\auto-service-1.0-rc6.jar;C:\Users\priya\.m2\repository\com\google\auto\auto-common\0.10\auto-common-0.10.jar;C:\Users\priya\.m2\repository\org\seleniumhq\selenium\selenium-chromium-driver\4.0.0-alpha-4\selenium-chromium-driver-4.0.0-alpha-4.jar;C:\Users\priya\.m2\repository\org\seleniumhq\selenium\selenium-devtools\4.0.0-alpha-4\selenium-devtools-4.0.0-alpha-4.jar;C:\Users\priya\.m2\repository\org\seleniumhq\selenium\selenium-http\4.0.0-alpha-4\selenium-http-4.0.0-alpha-4.jar;C:\Users\priya\.m2\repository\org\seleniumhq\selenium\selenium-json\4.0.0-alpha-4\selenium-json-4.0.0-alpha-4.jar;C:\Users\priya\.m2\repository\org\seleniumhq\selenium\selenium-edge-driver\4.0.0-alpha-4\selenium-edge-driver-4.0.0-alpha-4.jar;C:\Users\priya\.m2\repository\org\seleniumhq\selenium\selenium-edgehtml-driver\4.0.0-alpha-4\selenium-edgehtml-driver-4.0.0-alpha-4.jar;C:\Users\priya\.m2\repository\org\seleniumhq\selenium\selenium-firefox-driver\4.0.0-alpha-4\selenium-firefox-driver-4.0.0-alpha-4.jar;C:\Users\priya\.m2\repository\org\seleniumhq\selenium\selenium-firefox-xpi-driver\4.0.0-alpha-4\selenium-firefox-xpi-driver-4.0.0-alpha-4.jar;C:\Users\priya\.m2\repository\org\seleniumhq\selenium\selenium-ie-driver\4.0.0-alpha-4\selenium-ie-driver-4.0.0-alpha-4.jar;C:\Users\priya\.m2\repository\org\seleniumhq\selenium\selenium-opera-driver\4.0.0-alpha-4\selenium-opera-driver-4.0.0-alpha-4.jar;C:\Users\priya\.m2\repository\org\seleniumhq\selenium\selenium-remote-driver\4.0.0-alpha-4\selenium-remote-driver-4.0.0-alpha-4.jar;C:\Users\priya\.m2\repository\com\squareup\okhttp3\okhttp\4.3.0\okhttp-4.3.0.jar;C:\Users\priya\.m2\repository\com\squareup\okio\okio\2.4.1\okio-2.4.1.jar;C:\Users\priya\.m2\repository\org\jetbrains\kotlin\kotlin-stdlib-common\1.3.50\kotlin-stdlib-common-1.3.50.jar;C:\Users\priya\.m2\repository\org\jetbrains\kotlin\kotlin-stdlib\1.3.61\kotlin-stdlib-1.3.61.jar;C:\Users\priya\.m2\repository\org\jetbrains\annotations\13.0\annotations-13.0.jar;C:\Users\priya\.m2\repository\com\typesafe\netty\netty-reactive-streams\2.0.4\netty-reactive-streams-2.0.4.jar;C:\Users\priya\.m2\repository\io\netty\netty-handler\4.1.43.Final\netty-handler-4.1.43.Final.jar;C:\Users\priya\.m2\repository\io\netty\netty-common\4.1.43.Final\netty-common-4.1.43.Final.jar;C:\Users\priya\.m2\repository\io\netty\netty-buffer\4.1.43.Final\netty-buffer-4.1.43.Final.jar;C:\Users\priya\.m2\repository\io\netty\netty-transport\4.1.43.Final\netty-transport-4.1.43.Final.jar;C:\Users\priya\.m2\repository\io\netty\netty-codec\4.1.43.Final\netty-codec-4.1.43.Final.jar;C:\Users\priya\.m2\repository\org\reactivestreams\reactive-streams\1.0.3\reactive-streams-1.0.3.jar;C:\Users\priya\.m2\repository\io\opentracing\opentracing-api\0.33.0\opentracing-api-0.33.0.jar;C:\Users\priya\.m2\repository\net\bytebuddy\byte-buddy\1.10.6\byte-buddy-1.10.6.jar;C:\Users\priya\.m2\repository\org\apache\commons\commons-exec\1.3\commons-exec-1.3.jar;C:\Users\priya\.m2\repository\org\asynchttpclient\async-http-client\2.10.4\async-http-client-2.10.4.jar;C:\Users\priya\.m2\repository\org\asynchttpclient\async-http-client-netty-utils\2.10.4\async-http-client-netty-utils-2.10.4.jar;C:\Users\priya\.m2\repository\io\netty\netty-codec-http\4.1.42.Final\netty-codec-http-4.1.42.Final.jar;C:\Users\priya\.m2\repository\io\netty\netty-codec-socks\4.1.42.Final\netty-codec-socks-4.1.42.Final.jar;C:\Users\priya\.m2\repository\io\netty\netty-handler-proxy\4.1.42.Final\netty-handler-proxy-4.1.42.Final.jar;C:\Users\priya\.m2\repository\io\netty\netty-transport-native-epoll\4.1.42.Final\netty-transport-native-epoll-4.1.42.Final-linux-x86_64.jar;C:\Users\priya\.m2\repository\io\netty\netty-transport-native-unix-common\4.1.42.Final\netty-transport-native-unix-common-4.1.42.Final.jar;C:\Users\priya\.m2\repository\io\netty\netty-transport-native-kqueue\4.1.42.Final\netty-transport-native-kqueue-4.1.42.Final-osx-x86_64.jar;C:\Users\priya\.m2\repository\io\netty\netty-resolver-dns\4.1.42.Final\netty-resolver-dns-4.1.42.Final.jar;C:\Users\priya\.m2\repository\io\netty\netty-resolver\4.1.42.Final\netty-resolver-4.1.42.Final.jar;C:\Users\priya\.m2\repository\io\netty\netty-codec-dns\4.1.42.Final\netty-codec-dns-4.1.42.Final.jar;C:\Users\priya\.m2\repository\com\sun\activation\javax.activation\1.2.0\javax.activation-1.2.0.jar;C:\Users\priya\.m2\repository\org\seleniumhq\selenium\selenium-safari-driver\4.0.0-alpha-4\selenium-safari-driver-4.0.0-alpha-4.jar;C:\Users\priya\.m2\repository\org\seleniumhq\selenium\selenium-support\4.0.0-alpha-4\selenium-support-4.0.0-alpha-4.jar;C:\Users\priya\.m2\repository\io\github\bonigarcia\webdrivermanager\4.2.0\webdrivermanager-4.2.0.jar;C:\Users\priya\.m2\repository\org\slf4j\slf4j-api\1.7.30\slf4j-api-1.7.30.jar;C:\Users\priya\.m2\repository\com\google\code\gson\gson\2.8.6\gson-2.8.6.jar;C:\Users\priya\.m2\repository\org\apache\commons\commons-lang3\3.11\commons-lang3-3.11.jar;C:\Users\priya\.m2\repository\org\apache\httpcomponents\client5\httpclient5\5.0.1\httpclient5-5.0.1.jar;C:\Users\priya\.m2\repository\org\apache\httpcomponents\core5\httpcore5\5.0.1\httpcore5-5.0.1.jar;C:\Users\priya\.m2\repository\org\apache\httpcomponents\core5\httpcore5-h2\5.0.1\httpcore5-h2-5.0.1.jar;C:\Users\priya\.m2\repository\org\rauschig\jarchivelib\1.0.0\jarchivelib-1.0.0.jar;C:\Users\priya\.m2\repository\org\jsoup\jsoup\1.13.1\jsoup-1.13.1.jar;C:\Users\priya\.m2\repository\org\testng\testng\7.4.0\testng-7.4.0.jar;C:\Users\priya\.m2\repository\com\beust\jcommander\1.78\jcommander-1.78.jar;C:\Users\priya\.m2\repository\org\webjars\jquery\3.5.1\jquery-3.5.1.jar;C:\Users\priya\.m2\repository\io\codearte\jfairy\jfairy\0.5.3\jfairy-0.5.3.jar;C:\Users\priya\.m2\repository\com\google\guava\guava\31.1-jre\guava-31.1-jre.jar;C:\Users\priya\.m2\repository\com\google\guava\failureaccess\1.0.1\failureaccess-1.0.1.jar;C:\Users\priya\.m2\repository\com\google\guava\listenablefuture\9999.0-empty-to-avoid-conflict-with-guava\listenablefuture-9999.0-empty-to-avoid-conflict-with-guava.jar;C:\Users\priya\.m2\repository\com\google\code\findbugs\jsr305\3.0.2\jsr305-3.0.2.jar;C:\Users\priya\.m2\repository\org\checkerframework\checker-qual\3.12.0\checker-qual-3.12.0.jar;C:\Users\priya\.m2\repository\com\google\errorprone\error_prone_annotations\2.11.0\error_prone_annotations-2.11.0.jar;C:\Users\priya\.m2\repository\com\google\j2objc\j2objc-annotations\1.3\j2objc-annotations-1.3.jar;C:\Users\priya\.m2\repository\org\yaml\snakeyaml\1.30\snakeyaml-1.30.jar;C:\Users\priya\.m2\repository\org\iban4j\iban4j\2.1.1\iban4j-2.1.1.jar;C:\Users\priya\.m2\repository\com\google\inject\guice\4.0\guice-4.0.jar;C:\Users\priya\.m2\repository\javax\inject\javax.inject\1\javax.inject-1.jar;C:\Users\priya\.m2\repository\aopalliance\aopalliance\1.0\aopalliance-1.0.jar;C:\Users\priya\.m2\repository\joda-time\joda-time\2.3\joda-time-2.3.jar;C:\Users\priya\.m2\repository\com\google\inject\extensions\guice-assistedinject\4.0\guice-assistedinject-4.0.jar;C:\Users\priya\.m2\repository\org\reflections\reflections\0.9.9\reflections-0.9.9.jar;C:\Users\priya\.m2\repository\org\javassist\javassist\3.18.2-GA\javassist-3.18.2-GA.jar;C:\Users\priya\.m2\repository\com\google\code\findbugs\annotations\2.0.1\annotations-2.0.1.jar;C:\Users\priya\.m2\repository\org\apache\poi\poi\4.1.1\poi-4.1.1.jar;C:\Users\priya\.m2\repository\commons-codec\commons-codec\1.13\commons-codec-1.13.jar;C:\Users\priya\.m2\repository\org\apache\commons\commons-collections4\4.4\commons-collections4-4.4.jar;C:\Users\priya\.m2\repository\org\apache\commons\commons-math3\3.6.1\commons-math3-3.6.1.jar;C:\Users\priya\.m2\repository\org\apache\poi\poi-ooxml\4.1.1\poi-ooxml-4.1.1.jar;C:\Users\priya\.m2\repository\org\apache\poi\poi-ooxml-schemas\4.1.1\poi-ooxml-schemas-4.1.1.jar;C:\Users\priya\.m2\repository\org\apache\xmlbeans\xmlbeans\3.1.0\xmlbeans-3.1.0.jar;C:\Users\priya\.m2\repository\org\apache\commons\commons-compress\1.19\commons-compress-1.19.jar;C:\Users\priya\.m2\repository\com\github\virtuald\curvesapi\1.06\curvesapi-1.06.jar;C:\Users\priya\.m2\repository\commons-io\commons-io\1.3.2\commons-io-1.3.2.jar;C:\Users\priya\.m2\repository\com\opencsv\opencsv\5.3\opencsv-5.3.jar;C:\Users\priya\.m2\repository\org\apache\commons\commons-text\1.9\commons-text-1.9.jar;C:\Users\priya\.m2\repository\commons-beanutils\commons-beanutils\1.9.4\commons-beanutils-1.9.4.jar;C:\Users\priya\.m2\repository\commons-logging\commons-logging\1.2\commons-logging-1.2.jar;C:\Users\priya\.m2\repository\commons-collections\commons-collections\3.2.2\commons-collections-3.2.2.jar;C:\Users\priya\.m2\repository\log4j\log4j\1.2.17\log4j-1.2.17.jar;"/>
    <property name="java.vm.vendor" value="Oracle Corporation"/>
    <property name="sun.arch.data.model" value="64"/>
    <property name="user.variant" value=""/>
    <property name="java.vendor.url" value="https://java.oracle.com/"/>
    <property name="user.timezone" value="Europe/Berlin"/>
    <property name="os.name" value="Windows 10"/>
    <property name="java.vm.specification.version" value="14"/>
    <property name="sun.java.launcher" value="SUN_STANDARD"/>
    <property name="user.country" value="IN"/>
    <property name="sun.boot.library.path" value="C:\Users\priya\.p2\pool\plugins\org.eclipse.justj.openjdk.hotspot.jre.full.win32.x86_64_14.0.2.v20200815-0932\jre\bin"/>
    <property name="sun.java.command" value="C:\Users\priya\AppData\Local\Temp\surefire16958958950563654561\surefirebooter6652318613730990802.jar C:\Users\priya\AppData\Local\Temp\surefire16958958950563654561 2022-07-17T20-21-39_819-jvmRun1 surefire453660785608093892tmp surefire_011665101298297898780tmp"/>
    <property name="jdk.debug" value="release"/>
    <property name="surefire.test.class.path" value="E:\Sogeti_Stuttgart\Project_App\sogetiapp1\target\test-classes;E:\Sogeti_Stuttgart\Project_App\sogetiapp1\target\classes;C:\Users\priya\.m2\repository\junit\junit\3.8.1\junit-3.8.1.jar;C:\Users\priya\.m2\repository\org\seleniumhq\selenium\selenium-java\4.0.0-alpha-4\selenium-java-4.0.0-alpha-4.jar;C:\Users\priya\.m2\repository\org\seleniumhq\selenium\selenium-api\4.0.0-alpha-4\selenium-api-4.0.0-alpha-4.jar;C:\Users\priya\.m2\repository\org\seleniumhq\selenium\selenium-chrome-driver\4.0.0-alpha-4\selenium-chrome-driver-4.0.0-alpha-4.jar;C:\Users\priya\.m2\repository\com\google\auto\service\auto-service-annotations\1.0-rc6\auto-service-annotations-1.0-rc6.jar;C:\Users\priya\.m2\repository\com\google\auto\service\auto-service\1.0-rc6\auto-service-1.0-rc6.jar;C:\Users\priya\.m2\repository\com\google\auto\auto-common\0.10\auto-common-0.10.jar;C:\Users\priya\.m2\repository\org\seleniumhq\selenium\selenium-chromium-driver\4.0.0-alpha-4\selenium-chromium-driver-4.0.0-alpha-4.jar;C:\Users\priya\.m2\repository\org\seleniumhq\selenium\selenium-devtools\4.0.0-alpha-4\selenium-devtools-4.0.0-alpha-4.jar;C:\Users\priya\.m2\repository\org\seleniumhq\selenium\selenium-http\4.0.0-alpha-4\selenium-http-4.0.0-alpha-4.jar;C:\Users\priya\.m2\repository\org\seleniumhq\selenium\selenium-json\4.0.0-alpha-4\selenium-json-4.0.0-alpha-4.jar;C:\Users\priya\.m2\repository\org\seleniumhq\selenium\selenium-edge-driver\4.0.0-alpha-4\selenium-edge-driver-4.0.0-alpha-4.jar;C:\Users\priya\.m2\repository\org\seleniumhq\selenium\selenium-edgehtml-driver\4.0.0-alpha-4\selenium-edgehtml-driver-4.0.0-alpha-4.jar;C:\Users\priya\.m2\repository\org\seleniumhq\selenium\selenium-firefox-driver\4.0.0-alpha-4\selenium-firefox-driver-4.0.0-alpha-4.jar;C:\Users\priya\.m2\repository\org\seleniumhq\selenium\selenium-firefox-xpi-driver\4.0.0-alpha-4\selenium-firefox-xpi-driver-4.0.0-alpha-4.jar;C:\Users\priya\.m2\repository\org\seleniumhq\selenium\selenium-ie-driver\4.0.0-alpha-4\selenium-ie-driver-4.0.0-alpha-4.jar;C:\Users\priya\.m2\repository\org\seleniumhq\selenium\selenium-opera-driver\4.0.0-alpha-4\selenium-opera-driver-4.0.0-alpha-4.jar;C:\Users\priya\.m2\repository\org\seleniumhq\selenium\selenium-remote-driver\4.0.0-alpha-4\selenium-remote-driver-4.0.0-alpha-4.jar;C:\Users\priya\.m2\repository\com\squareup\okhttp3\okhttp\4.3.0\okhttp-4.3.0.jar;C:\Users\priya\.m2\repository\com\squareup\okio\okio\2.4.1\okio-2.4.1.jar;C:\Users\priya\.m2\repository\org\jetbrains\kotlin\kotlin-stdlib-common\1.3.50\kotlin-stdlib-common-1.3.50.jar;C:\Users\priya\.m2\repository\org\jetbrains\kotlin\kotlin-stdlib\1.3.61\kotlin-stdlib-1.3.61.jar;C:\Users\priya\.m2\repository\org\jetbrains\annotations\13.0\annotations-13.0.jar;C:\Users\priya\.m2\repository\com\typesafe\netty\netty-reactive-streams\2.0.4\netty-reactive-streams-2.0.4.jar;C:\Users\priya\.m2\repository\io\netty\netty-handler\4.1.43.Final\netty-handler-4.1.43.Final.jar;C:\Users\priya\.m2\repository\io\netty\netty-common\4.1.43.Final\netty-common-4.1.43.Final.jar;C:\Users\priya\.m2\repository\io\netty\netty-buffer\4.1.43.Final\netty-buffer-4.1.43.Final.jar;C:\Users\priya\.m2\repository\io\netty\netty-transport\4.1.43.Final\netty-transport-4.1.43.Final.jar;C:\Users\priya\.m2\repository\io\netty\netty-codec\4.1.43.Final\netty-codec-4.1.43.Final.jar;C:\Users\priya\.m2\repository\org\reactivestreams\reactive-streams\1.0.3\reactive-streams-1.0.3.jar;C:\Users\priya\.m2\repository\io\opentracing\opentracing-api\0.33.0\opentracing-api-0.33.0.jar;C:\Users\priya\.m2\repository\net\bytebuddy\byte-buddy\1.10.6\byte-buddy-1.10.6.jar;C:\Users\priya\.m2\repository\org\apache\commons\commons-exec\1.3\commons-exec-1.3.jar;C:\Users\priya\.m2\repository\org\asynchttpclient\async-http-client\2.10.4\async-http-client-2.10.4.jar;C:\Users\priya\.m2\repository\org\asynchttpclient\async-http-client-netty-utils\2.10.4\async-http-client-netty-utils-2.10.4.jar;C:\Users\priya\.m2\repository\io\netty\netty-codec-http\4.1.42.Final\netty-codec-http-4.1.42.Final.jar;C:\Users\priya\.m2\repository\io\netty\netty-codec-socks\4.1.42.Final\netty-codec-socks-4.1.42.Final.jar;C:\Users\priya\.m2\repository\io\netty\netty-handler-proxy\4.1.42.Final\netty-handler-proxy-4.1.42.Final.jar;C:\Users\priya\.m2\repository\io\netty\netty-transport-native-epoll\4.1.42.Final\netty-transport-native-epoll-4.1.42.Final-linux-x86_64.jar;C:\Users\priya\.m2\repository\io\netty\netty-transport-native-unix-common\4.1.42.Final\netty-transport-native-unix-common-4.1.42.Final.jar;C:\Users\priya\.m2\repository\io\netty\netty-transport-native-kqueue\4.1.42.Final\netty-transport-native-kqueue-4.1.42.Final-osx-x86_64.jar;C:\Users\priya\.m2\repository\io\netty\netty-resolver-dns\4.1.42.Final\netty-resolver-dns-4.1.42.Final.jar;C:\Users\priya\.m2\repository\io\netty\netty-resolver\4.1.42.Final\netty-resolver-4.1.42.Final.jar;C:\Users\priya\.m2\repository\io\netty\netty-codec-dns\4.1.42.Final\netty-codec-dns-4.1.42.Final.jar;C:\Users\priya\.m2\repository\com\sun\activation\javax.activation\1.2.0\javax.activation-1.2.0.jar;C:\Users\priya\.m2\repository\org\seleniumhq\selenium\selenium-safari-driver\4.0.0-alpha-4\selenium-safari-driver-4.0.0-alpha-4.jar;C:\Users\priya\.m2\repository\org\seleniumhq\selenium\selenium-support\4.0.0-alpha-4\selenium-support-4.0.0-alpha-4.jar;C:\Users\priya\.m2\repository\io\github\bonigarcia\webdrivermanager\4.2.0\webdrivermanager-4.2.0.jar;C:\Users\priya\.m2\repository\org\slf4j\slf4j-api\1.7.30\slf4j-api-1.7.30.jar;C:\Users\priya\.m2\repository\com\google\code\gson\gson\2.8.6\gson-2.8.6.jar;C:\Users\priya\.m2\repository\org\apache\commons\commons-lang3\3.11\commons-lang3-3.11.jar;C:\Users\priya\.m2\repository\org\apache\httpcomponents\client5\httpclient5\5.0.1\httpclient5-5.0.1.jar;C:\Users\priya\.m2\repository\org\apache\httpcomponents\core5\httpcore5\5.0.1\httpcore5-5.0.1.jar;C:\Users\priya\.m2\repository\org\apache\httpcomponents\core5\httpcore5-h2\5.0.1\httpcore5-h2-5.0.1.jar;C:\Users\priya\.m2\repository\org\rauschig\jarchivelib\1.0.0\jarchivelib-1.0.0.jar;C:\Users\priya\.m2\repository\org\jsoup\jsoup\1.13.1\jsoup-1.13.1.jar;C:\Users\priya\.m2\repository\org\testng\testng\7.4.0\testng-7.4.0.jar;C:\Users\priya\.m2\repository\com\beust\jcommander\1.78\jcommander-1.78.jar;C:\Users\priya\.m2\repository\org\webjars\jquery\3.5.1\jquery-3.5.1.jar;C:\Users\priya\.m2\repository\io\codearte\jfairy\jfairy\0.5.3\jfairy-0.5.3.jar;C:\Users\priya\.m2\repository\com\google\guava\guava\31.1-jre\guava-31.1-jre.jar;C:\Users\priya\.m2\repository\com\google\guava\failureaccess\1.0.1\failureaccess-1.0.1.jar;C:\Users\priya\.m2\repository\com\google\guava\listenablefuture\9999.0-empty-to-avoid-conflict-with-guava\listenablefuture-9999.0-empty-to-avoid-conflict-with-guava.jar;C:\Users\priya\.m2\repository\com\google\code\findbugs\jsr305\3.0.2\jsr305-3.0.2.jar;C:\Users\priya\.m2\repository\org\checkerframework\checker-qual\3.12.0\checker-qual-3.12.0.jar;C:\Users\priya\.m2\repository\com\google\errorprone\error_prone_annotations\2.11.0\error_prone_annotations-2.11.0.jar;C:\Users\priya\.m2\repository\com\google\j2objc\j2objc-annotations\1.3\j2objc-annotations-1.3.jar;C:\Users\priya\.m2\repository\org\yaml\snakeyaml\1.30\snakeyaml-1.30.jar;C:\Users\priya\.m2\repository\org\iban4j\iban4j\2.1.1\iban4j-2.1.1.jar;C:\Users\priya\.m2\repository\com\google\inject\guice\4.0\guice-4.0.jar;C:\Users\priya\.m2\repository\javax\inject\javax.inject\1\javax.inject-1.jar;C:\Users\priya\.m2\repository\aopalliance\aopalliance\1.0\aopalliance-1.0.jar;C:\Users\priya\.m2\repository\joda-time\joda-time\2.3\joda-time-2.3.jar;C:\Users\priya\.m2\repository\com\google\inject\extensions\guice-assistedinject\4.0\guice-assistedinject-4.0.jar;C:\Users\priya\.m2\repository\org\reflections\reflections\0.9.9\reflections-0.9.9.jar;C:\Users\priya\.m2\repository\org\javassist\javassist\3.18.2-GA\javassist-3.18.2-GA.jar;C:\Users\priya\.m2\repository\com\google\code\findbugs\annotations\2.0.1\annotations-2.0.1.jar;C:\Users\priya\.m2\repository\org\apache\poi\poi\4.1.1\poi-4.1.1.jar;C:\Users\priya\.m2\repository\commons-codec\commons-codec\1.13\commons-codec-1.13.jar;C:\Users\priya\.m2\repository\org\apache\commons\commons-collections4\4.4\commons-collections4-4.4.jar;C:\Users\priya\.m2\repository\org\apache\commons\commons-math3\3.6.1\commons-math3-3.6.1.jar;C:\Users\priya\.m2\repository\org\apache\poi\poi-ooxml\4.1.1\poi-ooxml-4.1.1.jar;C:\Users\priya\.m2\repository\org\apache\poi\poi-ooxml-schemas\4.1.1\poi-ooxml-schemas-4.1.1.jar;C:\Users\priya\.m2\repository\org\apache\xmlbeans\xmlbeans\3.1.0\xmlbeans-3.1.0.jar;C:\Users\priya\.m2\repository\org\apache\commons\commons-compress\1.19\commons-compress-1.19.jar;C:\Users\priya\.m2\repository\com\github\virtuald\curvesapi\1.06\curvesapi-1.06.jar;C:\Users\priya\.m2\repository\commons-io\commons-io\1.3.2\commons-io-1.3.2.jar;C:\Users\priya\.m2\repository\com\opencsv\opencsv\5.3\opencsv-5.3.jar;C:\Users\priya\.m2\repository\org\apache\commons\commons-text\1.9\commons-text-1.9.jar;C:\Users\priya\.m2\repository\commons-beanutils\commons-beanutils\1.9.4\commons-beanutils-1.9.4.jar;C:\Users\priya\.m2\repository\commons-logging\commons-logging\1.2\commons-logging-1.2.jar;C:\Users\priya\.m2\repository\commons-collections\commons-collections\3.2.2\commons-collections-3.2.2.jar;C:\Users\priya\.m2\repository\log4j\log4j\1.2.17\log4j-1.2.17.jar;"/>
    <property name="sun.cpu.endian" value="little"/>
    <property name="user.home" value="C:\Users\priya"/>
    <property name="user.language" value="en"/>
    <property name="java.specification.vendor" value="Oracle Corporation"/>
    <property name="java.version.date" value="2020-07-14"/>
    <property name="java.home" value="C:\Users\priya\.p2\pool\plugins\org.eclipse.justj.openjdk.hotspot.jre.full.win32.x86_64_14.0.2.v20200815-0932\jre"/>
    <property name="file.separator" value="\"/>
    <property name="basedir" value="E:\Sogeti_Stuttgart\Project_App\sogetiapp1"/>
    <property name="java.vm.compressedOopsMode" value="Zero based"/>
    <property name="line.separator" value="&#10;"/>
    <property name="java.vm.specification.vendor" value="Oracle Corporation"/>
    <property name="java.specification.name" value="Java Platform API Specification"/>
    <property name="surefire.real.class.path" value="C:\Users\priya\AppData\Local\Temp\surefire16958958950563654561\surefirebooter6652318613730990802.jar"/>
    <property name="user.script" value=""/>
    <property name="sun.management.compiler" value="HotSpot 64-Bit Tiered Compilers"/>
    <property name="java.runtime.version" value="14.0.2+12-46"/>
    <property name="user.name" value="priya"/>
    <property name="path.separator" value=";"/>
    <property name="os.version" value="10.0"/>
    <property name="java.runtime.name" value="OpenJDK Runtime Environment"/>
    <property name="file.encoding" value="Cp1252"/>
    <property name="sun.nio.ch.bugLevel" value=""/>
    <property name="java.vm.name" value="OpenJDK 64-Bit Server VM"/>
    <property name="localRepository" value="C:\Users\priya\.m2\repository"/>
    <property name="java.vendor.url.bug" value="https://bugreport.java.com/bugreport/"/>
    <property name="java.io.tmpdir" value="C:\Users\priya\AppData\Local\Temp\"/>
    <property name="java.version" value="14.0.2"/>
    <property name="user.dir" value="E:\Sogeti_Stuttgart\Project_App\sogetiapp1"/>
    <property name="os.arch" value="amd64"/>
    <property name="java.vm.specification.name" value="Java Virtual Machine Specification"/>
    <property name="sun.os.patch.level" value=""/>
    <property name="java.library.path" value="C:\Users\priya\.p2\pool\plugins\org.eclipse.justj.openjdk.hotspot.jre.full.win32.x86_64_14.0.2.v20200815-0932\jre\bin;C:\WINDOWS\Sun\Java\bin;C:\WINDOWS\system32;C:\WINDOWS;C:/Users/priya/.p2/pool/plugins/org.eclipse.justj.openjdk.hotspot.jre.full.win32.x86_64_14.0.2.v20200815-0932/jre/bin/server;C:/Users/priya/.p2/pool/plugins/org.eclipse.justj.openjdk.hotspot.jre.full.win32.x86_64_14.0.2.v20200815-0932/jre/bin;C:\windows\system32;C:\windows;C:\windows\System32\Wbem;C:\windows\System32\WindowsPowerShell\v1.0\;C:\windows\System32\OpenSSH\;C:\Users\priya\AppData\Local\Microsoft\WindowsApps;C:\Program Files\Java\jdk-12.0.2\bin;C:\WINDOWS\system32;C:\WINDOWS;C:\WINDOWS\System32\Wbem;C:\WINDOWS\System32\WindowsPowerShell\v1.0\;C:\WINDOWS\System32\OpenSSH\;C:\ProgramData\chocolatey\bin;C:\Program Files\nodejs\;C:\Program Files\TortoiseGit\bin;C:\Program Files\Git\cmd;C:\Users\priya\AppData\Local\Microsoft\WindowsApps;C:\Users\priya\AppData\Local\Programs\Microsoft VS Code\bin;C:\Users\priya\AppData\Roaming\npm;C:\Users\priya\AppData\Local\GitHubDesktop\bin;C:\Users\priya\Desktop;;."/>
    <property name="java.vm.info" value="mixed mode"/>
    <property name="java.vendor" value="Oracle Corporation"/>
    <property name="java.vm.version" value="14.0.2+12-46"/>
    <property name="sun.io.unicode.encoding" value="UnicodeLittle"/>
    <property name="java.class.version" value="58.0"/>
  </properties>
  <testcase name="AA_MoveTo_AutomationLink" classname="Suite.TestCase1" time="1.469">
    <system-out><![CDATA[[TestNGContentHandler] [WARN] It is strongly recommended to add "<!DOCTYPE suite SYSTEM "https://testng.org/testng-1.0.dtd" >" at the top of the suite file [E:\Sogeti_Stuttgart\Project_App\sogetiapp1\Run.xml] otherwise TestNG may fail or not work as expected.
07-17-2022 20:21:49 |TestCase1.java |INFO  [main] Suite.TestCase1 34 - Login into Application
Method name:AA_MoveTo_AutomationLink
07-17-2022 20:21:49 |TestCase1.java |INFO  [main] Suite.TestCase1 44 - Move to Services Text
07-17-2022 20:21:49 |TestCase1.java |INFO  [main] Suite.TestCase1 48 - Move to Automation Text
]]></system-out>
    <system-err><![CDATA[SLF4J: Failed to load class "org.slf4j.impl.StaticLoggerBinder".
SLF4J: Defaulting to no-operation (NOP) logger implementation
SLF4J: See http://www.slf4j.org/codes.html#StaticLoggerBinder for further details.
Starting ChromeDriver 103.0.5060.53 (a1711811edd74ff1cf2150f36ffa3b0dae40b17f-refs/branch-heads/5060@{#853}) on port 41979
Only local connections are allowed.
Please see https://chromedriver.chromium.org/security-considerations for suggestions on keeping ChromeDriver safe.
ChromeDriver was started successfully.
Jul 17, 2022 8:21:45 PM org.openqa.selenium.remote.ProtocolHandshake createSession
INFO: Detected dialect: W3C
]]></system-err>
  </testcase>
  <testcase name="AB_Verify_AutomationPage" classname="Suite.TestCase1" time="0.051">
    <system-out><![CDATA[07-17-2022 20:21:51 |TestCase1.java |INFO  [main] Suite.TestCase1 109 - Write the Result in Excel Sheet
3
END OF WRITING DATA IN EXCEL
Method name:AB_Verify_AutomationPage
07-17-2022 20:21:51 |TestCase1.java |INFO  [main] Suite.TestCase1 62 - Verify the URL Moved
07-17-2022 20:21:51 |TestCase1.java |INFO  [main] Suite.TestCase1 67 - Verify that Page is loaded completely
07-17-2022 20:21:51 |TestCase1.java |INFO  [main] Suite.TestCase1 72 - Verify the Page Title
]]></system-out>
  </testcase>
  <testcase name="AC_Verify_PageSelected" classname="Suite.TestCase1" time="0.245">
    <system-out><![CDATA[07-17-2022 20:21:51 |TestCase1.java |INFO  [main] Suite.TestCase1 109 - Write the Result in Excel Sheet
3
END OF WRITING DATA IN EXCEL
Method name:AC_Verify_PageSelected
07-17-2022 20:21:51 |TestCase1.java |INFO  [main] Suite.TestCase1 86 - Move to Services Text
07-17-2022 20:21:51 |TestCase1.java |INFO  [main] Suite.TestCase1 94 - Verify that the Services are Selected
07-17-2022 20:21:51 |TestCase1.java |INFO  [main] Suite.TestCase1 98 - Verify that the Automation are Selected
]]></system-out>
  </testcase>
  <testcase name="BA_ContactDetails" classname="Suite.TestCase2" time="30.985">
    <failure message="element click intercepted: Element &lt;button id=&quot;b35711ee-b569-48b4-8ec4-6476dbf61ef8&quot; name=&quot;submit&quot; type=&quot;submit&quot; value=&quot;b35711ee-b569-48b4-8ec4-6476dbf61ef8&quot; data-f-is-finalized=&quot;false&quot; data-f-is-progressive-submit=&quot;true&quot; data-f-type=&quot;submitbutton&quot; data-f-element-name=&quot;__field_155435&quot; class=&quot;Form__Element FormExcludeDataRebind FormSubmitButton text-white   bg-text-red  &quot;&gt;...&lt;/button&gt; is not clickable at point (217, 264). Other element would receive the click: &lt;iframe title=&quot;recaptcha challenge expires in two minutes&quot; src=&quot;https://www.google.com/recaptcha/api2/bframe?hl=en&amp;amp;v=4rwLQsl5N_ccppoTAwwwMrEN&amp;amp;k=6LexQgoaAAAAALYQRoWL4VDPIeQJ21RFjlN_Hb_G&quot; name=&quot;c-sc9n7vr4hxkl&quot; frameborder=&quot;0&quot; scrolling=&quot;no&quot; sandbox=&quot;allow-forms allow-popups allow-same-origin allow-scripts allow-top-navigation allow-modals allow-popups-to-escape-sandbox&quot; style=&quot;width: 400px; height: 580px;&quot; data-gtm-yt-inspected-33161183_49=&quot;true&quot; data-gtm-yt-inspected-33161183_54=&quot;true&quot;&gt;&lt;/iframe&gt;&#10;  (Session info: chrome=103.0.5060.114)&#10;Build info: version: &apos;4.0.0-alpha-4&apos;, revision: &apos;c2d955b49e&apos;&#10;System info: host: &apos;LAPTOP-8CMGURDK&apos;, ip: &apos;192.168.178.38&apos;, os.name: &apos;Windows 10&apos;, os.arch: &apos;amd64&apos;, os.version: &apos;10.0&apos;, java.version: &apos;14.0.2&apos;&#10;Driver info: org.openqa.selenium.chrome.ChromeDriver&#10;Capabilities {acceptInsecureCerts: false, browserName: chrome, browserVersion: 103.0.5060.114, chrome: {chromedriverVersion: 103.0.5060.53 (a1711811edd7..., userDataDir: C:\Users\priya\AppData\Loca...}, goog:chromeOptions: {debuggerAddress: localhost:59856}, javascriptEnabled: true, networkConnectionEnabled: false, pageLoadStrategy: normal, platform: WINDOWS, platformName: WINDOWS, proxy: Proxy(), setWindowRect: true, strictFileInteractability: false, timeouts: {implicit: 0, pageLoad: 300000, script: 30000}, unhandledPromptBehavior: dismiss and notify, webauthn:extension:credBlob: true, webauthn:extension:largeBlob: true, webauthn:virtualAuthenticators: true}&#10;Session ID: d3a56881ef07f5ef70e45589eafd8db3" type="org.openqa.selenium.ElementClickInterceptedException"><![CDATA[org.openqa.selenium.ElementClickInterceptedException: 
element click intercepted: Element <button id="b35711ee-b569-48b4-8ec4-6476dbf61ef8" name="submit" type="submit" value="b35711ee-b569-48b4-8ec4-6476dbf61ef8" data-f-is-finalized="false" data-f-is-progressive-submit="true" data-f-type="submitbutton" data-f-element-name="__field_155435" class="Form__Element FormExcludeDataRebind FormSubmitButton text-white   bg-text-red  ">...</button> is not clickable at point (217, 264). Other element would receive the click: <iframe title="recaptcha challenge expires in two minutes" src="https://www.google.com/recaptcha/api2/bframe?hl=en&amp;v=4rwLQsl5N_ccppoTAwwwMrEN&amp;k=6LexQgoaAAAAALYQRoWL4VDPIeQJ21RFjlN_Hb_G" name="c-sc9n7vr4hxkl" frameborder="0" scrolling="no" sandbox="allow-forms allow-popups allow-same-origin allow-scripts allow-top-navigation allow-modals allow-popups-to-escape-sandbox" style="width: 400px; height: 580px;" data-gtm-yt-inspected-33161183_49="true" data-gtm-yt-inspected-33161183_54="true"></iframe>
  (Session info: chrome=103.0.5060.114)
Build info: version: '4.0.0-alpha-4', revision: 'c2d955b49e'
System info: host: 'LAPTOP-8CMGURDK', ip: '192.168.178.38', os.name: 'Windows 10', os.arch: 'amd64', os.version: '10.0', java.version: '14.0.2'
Driver info: org.openqa.selenium.chrome.ChromeDriver
Capabilities {acceptInsecureCerts: false, browserName: chrome, browserVersion: 103.0.5060.114, chrome: {chromedriverVersion: 103.0.5060.53 (a1711811edd7..., userDataDir: C:\Users\priya\AppData\Loca...}, goog:chromeOptions: {debuggerAddress: localhost:59856}, javascriptEnabled: true, networkConnectionEnabled: false, pageLoadStrategy: normal, platform: WINDOWS, platformName: WINDOWS, proxy: Proxy(), setWindowRect: true, strictFileInteractability: false, timeouts: {implicit: 0, pageLoad: 300000, script: 30000}, unhandledPromptBehavior: dismiss and notify, webauthn:extension:credBlob: true, webauthn:extension:largeBlob: true, webauthn:virtualAuthenticators: true}
Session ID: d3a56881ef07f5ef70e45589eafd8db3
	at java.base/jdk.internal.reflect.NativeConstructorAccessorImpl.newInstance0(Native Method)
	at java.base/jdk.internal.reflect.NativeConstructorAccessorImpl.newInstance(NativeConstructorAccessorImpl.java:62)
	at java.base/jdk.internal.reflect.DelegatingConstructorAccessorImpl.newInstance(DelegatingConstructorAccessorImpl.java:45)
	at java.base/java.lang.reflect.Constructor.newInstanceWithCaller(Constructor.java:500)
	at java.base/java.lang.reflect.Constructor.newInstance(Constructor.java:481)
	at org.openqa.selenium.remote.codec.w3c.W3CHttpResponseCodec.createException(W3CHttpResponseCodec.java:196)
	at org.openqa.selenium.remote.codec.w3c.W3CHttpResponseCodec.decode(W3CHttpResponseCodec.java:129)
	at org.openqa.selenium.remote.codec.w3c.W3CHttpResponseCodec.decode(W3CHttpResponseCodec.java:53)
	at org.openqa.selenium.remote.HttpCommandExecutor.execute(HttpCommandExecutor.java:161)
	at org.openqa.selenium.remote.service.DriverCommandExecutor.execute(DriverCommandExecutor.java:83)
	at org.openqa.selenium.remote.RemoteWebDriver.execute(RemoteWebDriver.java:582)
	at org.openqa.selenium.remote.RemoteWebElement.execute(RemoteWebElement.java:316)
	at org.openqa.selenium.remote.RemoteWebElement.click(RemoteWebElement.java:85)
	at utils.TestBase.clickelement(TestBase.java:112)
	at Suite.TestCase2.BA_ContactDetails(TestCase2.java:172)
	at java.base/jdk.internal.reflect.NativeMethodAccessorImpl.invoke0(Native Method)
	at java.base/jdk.internal.reflect.NativeMethodAccessorImpl.invoke(NativeMethodAccessorImpl.java:62)
	at java.base/jdk.internal.reflect.DelegatingMethodAccessorImpl.invoke(DelegatingMethodAccessorImpl.java:43)
	at java.base/java.lang.reflect.Method.invoke(Method.java:564)
	at org.testng.internal.MethodInvocationHelper.invokeMethod(MethodInvocationHelper.java:133)
	at org.testng.internal.TestInvoker.invokeMethod(TestInvoker.java:598)
	at org.testng.internal.TestInvoker.invokeTestMethod(TestInvoker.java:173)
	at org.testng.internal.MethodRunner.runInSequence(MethodRunner.java:46)
	at org.testng.internal.TestInvoker$MethodInvocationAgent.invoke(TestInvoker.java:824)
	at org.testng.internal.TestInvoker.invokeTestMethods(TestInvoker.java:146)
	at org.testng.internal.TestMethodWorker.invokeTestMethods(TestMethodWorker.java:146)
	at org.testng.internal.TestMethodWorker.run(TestMethodWorker.java:128)
	at java.base/java.util.ArrayList.forEach(ArrayList.java:1511)
	at org.testng.TestRunner.privateRun(TestRunner.java:794)
	at org.testng.TestRunner.run(TestRunner.java:596)
	at org.testng.SuiteRunner.runTest(SuiteRunner.java:377)
	at org.testng.SuiteRunner.runSequentially(SuiteRunner.java:371)
	at org.testng.SuiteRunner.privateRun(SuiteRunner.java:332)
	at org.testng.SuiteRunner.run(SuiteRunner.java:276)
	at org.testng.SuiteRunnerWorker.runSuite(SuiteRunnerWorker.java:53)
	at org.testng.SuiteRunnerWorker.run(SuiteRunnerWorker.java:96)
	at org.testng.TestNG.runSuitesSequentially(TestNG.java:1212)
	at org.testng.TestNG.runSuitesSequentially(TestNG.java:1207)
	at org.testng.TestNG.runSuitesLocally(TestNG.java:1134)
	at org.testng.TestNG.runSuites(TestNG.java:1063)
	at org.testng.TestNG.run(TestNG.java:1031)
	at org.apache.maven.surefire.testng.TestNGExecutor.run(TestNGExecutor.java:324)
	at org.apache.maven.surefire.testng.TestNGXmlTestSuite.execute(TestNGXmlTestSuite.java:74)
	at org.apache.maven.surefire.testng.TestNGProvider.invoke(TestNGProvider.java:123)
	at org.apache.maven.surefire.booter.ForkedBooter.runSuitesInProcess(ForkedBooter.java:456)
	at org.apache.maven.surefire.booter.ForkedBooter.execute(ForkedBooter.java:169)
	at org.apache.maven.surefire.booter.ForkedBooter.run(ForkedBooter.java:595)
	at org.apache.maven.surefire.booter.ForkedBooter.main(ForkedBooter.java:581)
]]></failure>
    <system-out><![CDATA[07-17-2022 20:21:51 |TestCase1.java |INFO  [main] Suite.TestCase1 109 - Write the Result in Excel Sheet
3
END OF WRITING DATA IN EXCEL
07-17-2022 20:21:52 |TestCase1.java |INFO  [main] Suite.TestCase1 118 - Log the Console Errors
07-17-2022 20:21:52 |TestCase1.java |INFO  [main] Suite.TestCase1 121 - Close the application
07-17-2022 20:21:56 |TestCase1.java |INFO  [main] Suite.TestCase1 124 - Close all browsers
07-17-2022 20:22:02 |TestCase2.java |INFO  [main] Suite.TestCase2 42 - Login into Application
Method name:BA_ContactDetails
07-17-2022 20:22:02 |TestCase2.java |INFO  [main] Suite.TestCase2 51 - Move to Services Text
07-17-2022 20:22:03 |TestCase2.java |INFO  [main] Suite.TestCase2 54 - Move to Automation Text
07-17-2022 20:22:04 |TestCase2.java |INFO  [main] Suite.TestCase2 61 - Scroll down the Page
07-17-2022 20:22:08 |TestCase2.java |INFO  [main] Suite.TestCase2 67 - Collect datas from Fairy tool
07-17-2022 20:22:08 |TestCase2.java |INFO  [main] Suite.TestCase2 76 - Submit the Form to verify for Error Message
07-17-2022 20:22:08 |TestCase2.java |INFO  [main] Suite.TestCase2 79 - Validate the Error Message and Enter Frist Name
07-17-2022 20:22:10 |TestCase2.java |INFO  [main] Suite.TestCase2 88 - Validate the Error Message and Enter Last Name
07-17-2022 20:22:11 |TestCase2.java |INFO  [main] Suite.TestCase2 97 - Validate the Error Message and Enter Email
07-17-2022 20:22:12 |TestCase2.java |INFO  [main] Suite.TestCase2 106 - Validate the Error Message and Enter Phone Number
07-17-2022 20:22:13 |TestCase2.java |INFO  [main] Suite.TestCase2 115 - Validate the Error Message and Enter Company Name
07-17-2022 20:22:15 |TestCase2.java |INFO  [main] Suite.TestCase2 124 - Validate the Error Message and Enter Country Name
07-17-2022 20:22:18 |TestCase2.java |INFO  [main] Suite.TestCase2 135 - Validate the Error Message and Enter Message
07-17-2022 20:22:20 |TestCase2.java |INFO  [main] Suite.TestCase2 144 - Click Agree CheckBox
07-17-2022 20:22:20 |TestCase2.java |INFO  [main] Suite.TestCase2 148 - Captcha Workaround
07-17-2022 20:22:21 |TestCase2.java |INFO  [main] Suite.TestCase2 159 - Click Captcha Check Box
07-17-2022 20:22:24 |TestCase2.java |INFO  [main] Suite.TestCase2 167 - Select Captcha manually
07-17-2022 20:22:32 |TestCase2.java |INFO  [main] Suite.TestCase2 171 - Click Submit button
***** Error BA_ContactDetails test has failed *****
]]></system-out>
    <system-err><![CDATA[Starting ChromeDriver 103.0.5060.53 (a1711811edd74ff1cf2150f36ffa3b0dae40b17f-refs/branch-heads/5060@{#853}) on port 20110
Only local connections are allowed.
Please see https://chromedriver.chromium.org/security-considerations for suggestions on keeping ChromeDriver safe.
ChromeDriver was started successfully.
Jul 17, 2022 8:21:57 PM org.openqa.selenium.remote.ProtocolHandshake createSession
INFO: Detected dialect: W3C
]]></system-err>
  </testcase>
  <testcase name="CA_LinksVerify" classname="Suite.TestCase3" time="4.883">
    <system-out><![CDATA[07-17-2022 20:22:33 |TestCase2.java |INFO  [main] Suite.TestCase2 196 - Write the Result in Excel Sheet
1
END OF WRITING DATA IN EXCEL
07-17-2022 20:22:34 |TestCase2.java |INFO  [main] Suite.TestCase2 204 - Log the Console Errors
07-17-2022 20:22:34 |TestCase2.java |INFO  [main] Suite.TestCase2 207 - Close the application
07-17-2022 20:22:34 |TestCase2.java |INFO  [main] Suite.TestCase2 210 - Close all browsers
07-17-2022 20:22:34 |TestCase3.java |INFO  [main] Suite.TestCase3 47 - Login into Application
Method name:CA_LinksVerify
07-17-2022 20:22:39 |TestCase3.java |INFO  [main] Suite.TestCase3 55 - Click on WorldWide
07-17-2022 20:22:39 |TestCase3.java |INFO  [main] Suite.TestCase3 58 - List all countries
07-17-2022 20:22:39 |TestCase3.java |INFO  [main] Suite.TestCase3 62 - Get the Country name and URL and Validate the URL
07-17-2022 20:22:39 |TestCase3.java |INFO  [main] Suite.TestCase3 64 - Get the country Name 
07-17-2022 20:22:39 |TestCase3.java |INFO  [main] Suite.TestCase3 67 - Get the URL of Matched Country
07-17-2022 20:22:39 |TestCase3.java |INFO  [main] Suite.TestCase3 70 - Check if URL is Null or Empty
07-17-2022 20:22:39 |TestCase3.java |INFO  [main] Suite.TestCase3 76 - Open the Connection
07-17-2022 20:22:39 |TestCase3.java |INFO  [main] Suite.TestCase3 79 - Set the Request Method
07-17-2022 20:22:39 |TestCase3.java |INFO  [main] Suite.TestCase3 82 - Establish the connection
07-17-2022 20:22:40 |TestCase3.java |INFO  [main] Suite.TestCase3 85 - Get the Response Status Code
07-17-2022 20:22:40 |TestCase3.java |INFO  [main] Suite.TestCase3 88 - Validate the URL is Valid or Not
07-17-2022 20:22:40 |TestCase3.java |INFO  [main] Suite.TestCase3 98 - Validated URL
07-17-2022 20:22:40 |TestCase3.java |INFO  [main] Suite.TestCase3 64 - Get the country Name 
07-17-2022 20:22:40 |TestCase3.java |INFO  [main] Suite.TestCase3 67 - Get the URL of Matched Country
07-17-2022 20:22:40 |TestCase3.java |INFO  [main] Suite.TestCase3 70 - Check if URL is Null or Empty
07-17-2022 20:22:40 |TestCase3.java |INFO  [main] Suite.TestCase3 76 - Open the Connection
07-17-2022 20:22:40 |TestCase3.java |INFO  [main] Suite.TestCase3 79 - Set the Request Method
07-17-2022 20:22:40 |TestCase3.java |INFO  [main] Suite.TestCase3 82 - Establish the connection
07-17-2022 20:22:40 |TestCase3.java |INFO  [main] Suite.TestCase3 85 - Get the Response Status Code
07-17-2022 20:22:40 |TestCase3.java |INFO  [main] Suite.TestCase3 88 - Validate the URL is Valid or Not
07-17-2022 20:22:40 |TestCase3.java |INFO  [main] Suite.TestCase3 98 - Validated URL
07-17-2022 20:22:40 |TestCase3.java |INFO  [main] Suite.TestCase3 64 - Get the country Name 
07-17-2022 20:22:40 |TestCase3.java |INFO  [main] Suite.TestCase3 67 - Get the URL of Matched Country
07-17-2022 20:22:40 |TestCase3.java |INFO  [main] Suite.TestCase3 70 - Check if URL is Null or Empty
07-17-2022 20:22:40 |TestCase3.java |INFO  [main] Suite.TestCase3 76 - Open the Connection
07-17-2022 20:22:40 |TestCase3.java |INFO  [main] Suite.TestCase3 79 - Set the Request Method
07-17-2022 20:22:40 |TestCase3.java |INFO  [main] Suite.TestCase3 82 - Establish the connection
07-17-2022 20:22:40 |TestCase3.java |INFO  [main] Suite.TestCase3 85 - Get the Response Status Code
07-17-2022 20:22:41 |TestCase3.java |INFO  [main] Suite.TestCase3 88 - Validate the URL is Valid or Not
07-17-2022 20:22:41 |TestCase3.java |INFO  [main] Suite.TestCase3 98 - Validated URL
07-17-2022 20:22:41 |TestCase3.java |INFO  [main] Suite.TestCase3 64 - Get the country Name 
07-17-2022 20:22:41 |TestCase3.java |INFO  [main] Suite.TestCase3 67 - Get the URL of Matched Country
07-17-2022 20:22:41 |TestCase3.java |INFO  [main] Suite.TestCase3 70 - Check if URL is Null or Empty
07-17-2022 20:22:41 |TestCase3.java |INFO  [main] Suite.TestCase3 76 - Open the Connection
07-17-2022 20:22:41 |TestCase3.java |INFO  [main] Suite.TestCase3 79 - Set the Request Method
07-17-2022 20:22:41 |TestCase3.java |INFO  [main] Suite.TestCase3 82 - Establish the connection
07-17-2022 20:22:41 |TestCase3.java |INFO  [main] Suite.TestCase3 85 - Get the Response Status Code
07-17-2022 20:22:41 |TestCase3.java |INFO  [main] Suite.TestCase3 88 - Validate the URL is Valid or Not
07-17-2022 20:22:41 |TestCase3.java |INFO  [main] Suite.TestCase3 98 - Validated URL
07-17-2022 20:22:41 |TestCase3.java |INFO  [main] Suite.TestCase3 64 - Get the country Name 
07-17-2022 20:22:41 |TestCase3.java |INFO  [main] Suite.TestCase3 67 - Get the URL of Matched Country
07-17-2022 20:22:41 |TestCase3.java |INFO  [main] Suite.TestCase3 70 - Check if URL is Null or Empty
07-17-2022 20:22:41 |TestCase3.java |INFO  [main] Suite.TestCase3 76 - Open the Connection
07-17-2022 20:22:41 |TestCase3.java |INFO  [main] Suite.TestCase3 79 - Set the Request Method
07-17-2022 20:22:41 |TestCase3.java |INFO  [main] Suite.TestCase3 82 - Establish the connection
07-17-2022 20:22:41 |TestCase3.java |INFO  [main] Suite.TestCase3 85 - Get the Response Status Code
07-17-2022 20:22:42 |TestCase3.java |INFO  [main] Suite.TestCase3 88 - Validate the URL is Valid or Not
07-17-2022 20:22:42 |TestCase3.java |INFO  [main] Suite.TestCase3 98 - Validated URL
07-17-2022 20:22:42 |TestCase3.java |INFO  [main] Suite.TestCase3 64 - Get the country Name 
07-17-2022 20:22:42 |TestCase3.java |INFO  [main] Suite.TestCase3 67 - Get the URL of Matched Country
07-17-2022 20:22:42 |TestCase3.java |INFO  [main] Suite.TestCase3 70 - Check if URL is Null or Empty
07-17-2022 20:22:42 |TestCase3.java |INFO  [main] Suite.TestCase3 76 - Open the Connection
07-17-2022 20:22:42 |TestCase3.java |INFO  [main] Suite.TestCase3 79 - Set the Request Method
07-17-2022 20:22:42 |TestCase3.java |INFO  [main] Suite.TestCase3 82 - Establish the connection
07-17-2022 20:22:42 |TestCase3.java |INFO  [main] Suite.TestCase3 85 - Get the Response Status Code
07-17-2022 20:22:42 |TestCase3.java |INFO  [main] Suite.TestCase3 88 - Validate the URL is Valid or Not
07-17-2022 20:22:42 |TestCase3.java |INFO  [main] Suite.TestCase3 98 - Validated URL
07-17-2022 20:22:42 |TestCase3.java |INFO  [main] Suite.TestCase3 64 - Get the country Name 
07-17-2022 20:22:42 |TestCase3.java |INFO  [main] Suite.TestCase3 67 - Get the URL of Matched Country
07-17-2022 20:22:42 |TestCase3.java |INFO  [main] Suite.TestCase3 70 - Check if URL is Null or Empty
07-17-2022 20:22:42 |TestCase3.java |INFO  [main] Suite.TestCase3 76 - Open the Connection
07-17-2022 20:22:42 |TestCase3.java |INFO  [main] Suite.TestCase3 79 - Set the Request Method
07-17-2022 20:22:42 |TestCase3.java |INFO  [main] Suite.TestCase3 82 - Establish the connection
07-17-2022 20:22:42 |TestCase3.java |INFO  [main] Suite.TestCase3 85 - Get the Response Status Code
07-17-2022 20:22:42 |TestCase3.java |INFO  [main] Suite.TestCase3 88 - Validate the URL is Valid or Not
07-17-2022 20:22:42 |TestCase3.java |INFO  [main] Suite.TestCase3 98 - Validated URL
07-17-2022 20:22:42 |TestCase3.java |INFO  [main] Suite.TestCase3 64 - Get the country Name 
07-17-2022 20:22:42 |TestCase3.java |INFO  [main] Suite.TestCase3 67 - Get the URL of Matched Country
07-17-2022 20:22:42 |TestCase3.java |INFO  [main] Suite.TestCase3 70 - Check if URL is Null or Empty
07-17-2022 20:22:42 |TestCase3.java |INFO  [main] Suite.TestCase3 76 - Open the Connection
07-17-2022 20:22:42 |TestCase3.java |INFO  [main] Suite.TestCase3 79 - Set the Request Method
07-17-2022 20:22:42 |TestCase3.java |INFO  [main] Suite.TestCase3 82 - Establish the connection
07-17-2022 20:22:42 |TestCase3.java |INFO  [main] Suite.TestCase3 85 - Get the Response Status Code
07-17-2022 20:22:42 |TestCase3.java |INFO  [main] Suite.TestCase3 88 - Validate the URL is Valid or Not
07-17-2022 20:22:42 |TestCase3.java |INFO  [main] Suite.TestCase3 98 - Validated URL
07-17-2022 20:22:42 |TestCase3.java |INFO  [main] Suite.TestCase3 64 - Get the country Name 
07-17-2022 20:22:42 |TestCase3.java |INFO  [main] Suite.TestCase3 67 - Get the URL of Matched Country
07-17-2022 20:22:42 |TestCase3.java |INFO  [main] Suite.TestCase3 70 - Check if URL is Null or Empty
07-17-2022 20:22:42 |TestCase3.java |INFO  [main] Suite.TestCase3 76 - Open the Connection
07-17-2022 20:22:42 |TestCase3.java |INFO  [main] Suite.TestCase3 79 - Set the Request Method
07-17-2022 20:22:42 |TestCase3.java |INFO  [main] Suite.TestCase3 82 - Establish the connection
07-17-2022 20:22:43 |TestCase3.java |INFO  [main] Suite.TestCase3 85 - Get the Response Status Code
07-17-2022 20:22:43 |TestCase3.java |INFO  [main] Suite.TestCase3 88 - Validate the URL is Valid or Not
07-17-2022 20:22:43 |TestCase3.java |INFO  [main] Suite.TestCase3 98 - Validated URL
07-17-2022 20:22:43 |TestCase3.java |INFO  [main] Suite.TestCase3 64 - Get the country Name 
07-17-2022 20:22:43 |TestCase3.java |INFO  [main] Suite.TestCase3 67 - Get the URL of Matched Country
07-17-2022 20:22:43 |TestCase3.java |INFO  [main] Suite.TestCase3 70 - Check if URL is Null or Empty
07-17-2022 20:22:43 |TestCase3.java |INFO  [main] Suite.TestCase3 76 - Open the Connection
07-17-2022 20:22:43 |TestCase3.java |INFO  [main] Suite.TestCase3 79 - Set the Request Method
07-17-2022 20:22:43 |TestCase3.java |INFO  [main] Suite.TestCase3 82 - Establish the connection
07-17-2022 20:22:43 |TestCase3.java |INFO  [main] Suite.TestCase3 85 - Get the Response Status Code
07-17-2022 20:22:43 |TestCase3.java |INFO  [main] Suite.TestCase3 88 - Validate the URL is Valid or Not
07-17-2022 20:22:43 |TestCase3.java |INFO  [main] Suite.TestCase3 98 - Validated URL
07-17-2022 20:22:43 |TestCase3.java |INFO  [main] Suite.TestCase3 64 - Get the country Name 
07-17-2022 20:22:43 |TestCase3.java |INFO  [main] Suite.TestCase3 67 - Get the URL of Matched Country
07-17-2022 20:22:43 |TestCase3.java |INFO  [main] Suite.TestCase3 70 - Check if URL is Null or Empty
07-17-2022 20:22:43 |TestCase3.java |INFO  [main] Suite.TestCase3 76 - Open the Connection
07-17-2022 20:22:43 |TestCase3.java |INFO  [main] Suite.TestCase3 79 - Set the Request Method
07-17-2022 20:22:43 |TestCase3.java |INFO  [main] Suite.TestCase3 82 - Establish the connection
07-17-2022 20:22:44 |TestCase3.java |INFO  [main] Suite.TestCase3 85 - Get the Response Status Code
07-17-2022 20:22:44 |TestCase3.java |INFO  [main] Suite.TestCase3 88 - Validate the URL is Valid or Not
07-17-2022 20:22:44 |TestCase3.java |INFO  [main] Suite.TestCase3 98 - Validated URL
07-17-2022 20:22:44 |TestCase3.java |INFO  [main] Suite.TestCase3 64 - Get the country Name 
07-17-2022 20:22:44 |TestCase3.java |INFO  [main] Suite.TestCase3 67 - Get the URL of Matched Country
07-17-2022 20:22:44 |TestCase3.java |INFO  [main] Suite.TestCase3 70 - Check if URL is Null or Empty
07-17-2022 20:22:44 |TestCase3.java |INFO  [main] Suite.TestCase3 76 - Open the Connection
07-17-2022 20:22:44 |TestCase3.java |INFO  [main] Suite.TestCase3 79 - Set the Request Method
07-17-2022 20:22:44 |TestCase3.java |INFO  [main] Suite.TestCase3 82 - Establish the connection
07-17-2022 20:22:44 |TestCase3.java |INFO  [main] Suite.TestCase3 85 - Get the Response Status Code
07-17-2022 20:22:44 |TestCase3.java |INFO  [main] Suite.TestCase3 88 - Validate the URL is Valid or Not
07-17-2022 20:22:44 |TestCase3.java |INFO  [main] Suite.TestCase3 98 - Validated URL
]]></system-out>
    <system-err><![CDATA[Starting ChromeDriver 103.0.5060.53 (a1711811edd74ff1cf2150f36ffa3b0dae40b17f-refs/branch-heads/5060@{#853}) on port 33029
Only local connections are allowed.
Please see https://chromedriver.chromium.org/security-considerations for suggestions on keeping ChromeDriver safe.
ChromeDriver was started successfully.
Jul 17, 2022 8:22:35 PM org.openqa.selenium.remote.ProtocolHandshake createSession
INFO: Detected dialect: W3C
]]></system-err>
  </testcase>
</testsuite>