<?xml version="1.0" encoding="UTF-8"?>
<!-- Generated by org.testng.reporters.JUnitReportReporter -->
<testsuite hostname="LAPTOP-8CMGURDK" failures="0" tests="3" name="Suite.TestCase1" time="2.332" errors="0" timestamp="2022-07-17T20:29:50 CEST" skipped="0">
  <testcase classname="Suite.TestCase1" name="AA_MoveTo_AutomationLink" time="1.598"/>
  <system-out>
    <![CDATA[Test script ran on 17-Jul-2022, 8:28:48 pm]]>
  </system-out>
  <testcase classname="Suite.TestCase1" name="AB_Verify_AutomationPage" time="0.148"/>
  <system-out>
    <![CDATA[Test script ran on 17-Jul-2022, 8:28:49 pm]]>
  </system-out>
  <testcase classname="Suite.TestCase1" name="AC_Verify_PageSelected" time="0.586"/>
  <system-out>
    <![CDATA[Test script ran on 17-Jul-2022, 8:28:49 pm]]>
  </system-out>
</testsuite> <!-- Suite.TestCase1 -->
