<?xml version="1.0" encoding="UTF-8"?>
<!-- Generated by org.testng.reporters.JUnitReportReporter -->
<testsuite hostname="LAPTOP-8CMGURDK" failures="0" tests="1" name="Suite.TestCase3" time="4.970" errors="0" timestamp="2022-07-17T20:22:49 CEST" skipped="0">
  <testcase classname="Suite.TestCase3" name="CA_LinksVerify" time="4.970"/>
  <system-out>
    <![CDATA[The Link to BELGIUMis https://www.sogeti.be/ is working
The Link to FINLANDis https://www.sogeti.fi/ is working
The Link to FRANCEis https://www.fr.sogeti.com/ is working
The Link to GERMANYis https://www.sogeti.de/ is working
The Link to IRELANDis https://www.sogeti.ie/ is working
The Link to LUXEMBOURGis https://www.sogeti.lu/ is working
The Link to NETHERLANDSis https://www.sogeti.nl/ is working
The Link to NORWAYis https://www.sogeti.no/ is working
The Link to SPAINis https://www.sogeti.es/ is working
The Link to SWEDENis https://www.sogeti.se/ is working
The Link to UKis https://www.uk.sogeti.com/ is working
The Link to USAis https://www.us.sogeti.com/ is working
Test script ran on 17-Jul-2022, 8:22:44 pm]]>
  </system-out>
</testsuite> <!-- Suite.TestCase3 -->
